[2021-04-29T20:28:59.644] [DEBUG] file - Welcome to Petclinic
[2021-04-29T20:28:59.648] [DEBUG] file - Welcome to Petclinic
[2021-04-29T20:29:07.751] [DEBUG] file - FirstName length is greater than 2
[2021-04-29T20:29:08.391] [DEBUG] file - LastName length is greater than 2
[2021-04-29T20:29:11.338] [DEBUG] file - clicked on TypeDropdown
[2021-04-29T20:29:12.709] [DEBUG] file - Selected a Specialist type
[2021-04-29T20:29:13.853] [DEBUG] file - Clicked on save button
[2021-04-29T20:29:16.926] [DEBUG] file - Clicked on Add button in Pet Types page
[2021-04-29T20:29:17.020] [DEBUG] file - Pet name Entered
[2021-04-29T20:29:17.055] [DEBUG] file - save button is Enabled
[2021-04-29T20:29:17.305] [DEBUG] file - Clicked on Save button is Enabled
[2021-04-29T20:29:17.560] [DEBUG] file - No of pet present-- 11
[2021-04-29T20:29:17.720] [DEBUG] file - PetType  ::Dog
[2021-04-29T20:29:17.818] [DEBUG] file - PetType  ::snake
[2021-04-29T20:29:17.899] [DEBUG] file - PetType  ::Hybrid
[2021-04-29T20:29:17.994] [DEBUG] file - PetType  ::Cat
[2021-04-29T20:29:18.092] [DEBUG] file - PetType  ::Dog
[2021-04-29T20:29:18.188] [DEBUG] file - PetType  ::Dog
[2021-04-29T20:29:18.271] [DEBUG] file - PetType  ::Hybrid
[2021-04-29T20:29:18.368] [DEBUG] file - PetType  ::Hybrid
[2021-04-29T20:29:18.464] [DEBUG] file - PetType  ::Hybrid
[2021-04-29T20:29:18.543] [DEBUG] file - PetType  ::Hybrid
[2021-04-29T20:29:18.627] [DEBUG] file - PetType  ::Hybrid
[2021-04-29T20:29:18.941] [DEBUG] file - Welcome to Petclinic
[2021-04-29T20:29:18.941] [DEBUG] file - Welcome to Petclinic
[2021-04-29T20:29:19.619] [DEBUG] file - AddOwner Button Disabled
[2021-04-29T20:29:19.678] [DEBUG] file - First Name length is greater than 2 
[2021-04-29T20:29:19.729] [DEBUG] file - Last Name length is greater than 2 
[2021-04-29T20:29:19.779] [DEBUG] file - Address length is greater than 2 
[2021-04-29T20:29:19.836] [DEBUG] file - City length is greater than 2
[2021-04-29T20:29:19.900] [DEBUG] file - Telephone length is greater than 2
[2021-04-29T20:29:19.938] [DEBUG] file - AddOwner Button is Enabled
[2021-04-29T20:29:22.584] [DEBUG] file - Owner details are :- Protractor Test United Kingdom 977546546
[2021-04-29T20:29:23.517] [DEBUG] file - Clicked on Back button
